<?xml version="1.0" encoding="UTF-8"?>
<!-- Generated by org.testng.reporters.JUnitReportReporter -->
<testsuite skipped="0" hostname="LAPTOP-QMQ0VG44" name="com.apiTest.Test_Get" tests="1" failures="0" timestamp="09 Jul 2020 12:14:28 GMT" time="4.239" errors="0">
  <testcase name="test_1" time="4.239" classname="com.apiTest.Test_Get"/>
</testsuite> <!-- com.apiTest.Test_Get -->
