<?xml version="1.0" encoding="UTF-8"?>
<!-- Generated by org.testng.reporters.JUnitReportReporter -->
<testsuite skipped="0" hostname="LAPTOP-QMQ0VG44" name="com.apiTest.Tests_POST" tests="2" failures="0" timestamp="09 Jul 2020 12:59:46 GMT" time="4.466" errors="0">
  <testcase name="test_3_patch" time="3.876" classname="com.apiTest.Tests_POST"/>
  <testcase name="test_4_delete" time="0.590" classname="com.apiTest.Tests_POST"/>
</testsuite> <!-- com.apiTest.Tests_POST -->
